parameter file: processed_data/3.smartpca/SMARTPCA
### THE INPUT PARAMETERS
##PARAMETER NAME: VALUE
genotypename: processed_data/3.smartpca/saimaa_20_phased_posmask.geno
snpname: processed_data/3.smartpca/saimaa_20_phased_posmask.snp
indivname: processed_data/3.smartpca/saimaa_20_phased_posmask.ind
evecoutname: results/3.smartpca/saimaa_20_phased_posmask.evec
evaloutname: results/3.smartpca/saimaa_20_phased_posmask.eval
numoutevec: 10
numthreads: 4
## smartpca version: 18140
norm used

lsqproject used
snps deleted (nodata): 0.  deletesnpoutname: for detailsnumber of samples used: 98 number of snps used: 915849
number of pops for axes: 1
Using 4 threads, and partial sum lookup algorithm.
 snp             1:606817 ignored . allelecnt:     0  missing:     0
 snp             1:783048 ignored . allelecnt:     0  missing:     0
 snp            1:1236952 ignored . allelecnt:     0  missing:     0
 snp            1:1237150 ignored . allelecnt:     0  missing:     0
 snp            1:1334709 ignored . allelecnt:     0  missing:     0
 snp            1:1401125 ignored . allelecnt:     0  missing:     0
 snp            1:1851015 ignored . allelecnt:     0  missing:     0
 snp            1:1986022 ignored . allelecnt:     0  missing:     0
 snp            1:2169482 ignored . allelecnt:     0  missing:     0
 snp            1:2569242 ignored . allelecnt:     0  missing:     0
total number of snps killed in pass: 3114  used: 912735
mpstats:     0.555    0.769    1.127    0.743280

## Tracy-Widom statistics: rows: 98  cols: 915849
  #N    eigenvalue  difference    twstat      p-value effect. n
   1      6.964484          NA    37.925  1.36276e-69   131.439
   2      3.941669   -3.022814    23.952  7.34251e-36   222.963
   3      3.438972   -0.502698    23.878  1.05324e-35   270.319
   4      3.046891   -0.392080    23.875   1.0693e-35   324.304
   5      2.267468   -0.779423    10.579   8.5407e-12   386.136
   6      2.117895   -0.149573     9.268  5.47148e-10   414.303
   7      1.911643   -0.206252     5.455  7.61722e-06   441.361
   8      1.797253   -0.114391     3.656  0.000457067   461.215
   9      1.759947   -0.037306     4.136  0.000163798   478.187
  10      1.716352   -0.043595     4.409  8.94671e-05   497.110
  11      1.602533   -0.113819     1.939    0.0115206   517.701
  12      1.594479   -0.008054     3.171   0.00122254   533.446
  13      1.497650   -0.096829     0.886    0.0568508   552.930
  14      1.458076   -0.039573     0.605    0.0823901   567.682
  15      1.442100   -0.015977     1.282    0.0323938   582.367
  16      1.437612   -0.004488     2.554    0.0039433   599.405
  17      1.380971   -0.056642     1.548    0.0216283   620.792
  18      1.299976   -0.080994    -0.878     0.379685   640.283
  19      1.259019   -0.040957    -1.713     0.640681   653.758
  20      1.243122   -0.015897    -1.406     0.543932   665.447
  21      1.227646   -0.015476    -1.059     0.434349   678.374
  22      1.218156   -0.009491    -0.368     0.244422   692.772
  23      1.156003   -0.062153    -2.494     0.847437   709.868
  24      1.143585   -0.012418    -2.145     0.765268   720.982
  25      1.127097   -0.016487    -2.004     0.726772   733.507
  26      1.076325   -0.050772    -3.866     0.989208   746.896
  27      1.066807   -0.009518    -3.517     0.975066   754.752
  28      1.037034   -0.029774    -4.364     0.997387   763.871
  29      1.021880   -0.015154    -4.420     0.997815   770.479
  30      1.012094   -0.009786    -4.161     0.995183   777.003
  31      0.996451   -0.015643    -4.254     0.996338   784.482
  32      0.980527   -0.015923    -4.386     0.997565   791.767
  33      0.954231   -0.026296    -5.215     0.999884   798.699
  34      0.945859   -0.008372    -4.964     0.999681   802.804
  35      0.932928   -0.012930    -5.000     0.999722   807.778
  36      0.916999   -0.015930    -5.248       0.9999   812.627
  37      0.905555   -0.011444    -5.227      0.99989   816.540
  38      0.896395   -0.009159    -5.055     0.999777   820.489
  39      0.881281   -0.015115    -5.288     0.999915   825.064
  40      0.874200   -0.007081    -4.990     0.999711   828.666
  41      0.857226   -0.016973    -5.371     0.999941   833.433
  42      0.838532   -0.018694    -5.922     0.999996   836.531
  43      0.834766   -0.003766    -5.455      0.99996   837.179
  44      0.823120   -0.011646    -5.525     0.999971   839.649
  45      0.810855   -0.012265    -5.654     0.999984   841.654
  46      0.803327   -0.007527    -5.452     0.999959   842.886
  47      0.798514   -0.004814    -5.035     0.999758   844.865
  48      0.776124   -0.022390    -5.910     0.999996   848.739
  49      0.769380   -0.006744    -5.689     0.999987   848.037
  50      0.747122   -0.022258    -6.643            1   848.143
  51      0.741302   -0.005819    -6.421            1   843.135
  52      0.732509   -0.008793    -6.414            1   838.780
  53      0.726067   -0.006442    -6.228     0.999999   834.005
  54      0.721305   -0.004762    -5.900     0.999995   829.731
  55      0.715395   -0.005910    -5.636     0.999983   826.797
  56      0.700895   -0.014500    -6.028     0.999998   824.943
  57      0.690511   -0.010384    -6.138     0.999999   820.274
  58      0.676033   -0.014478    -6.589            1   814.380
  59      0.665390   -0.010643    -6.777            1   805.178
  60      0.664307   -0.001083    -6.225     0.999999   794.163
  61      0.655816   -0.008490    -6.216     0.999999   785.761
  62      0.643819   -0.011997    -6.488            1   776.667
  63      0.636543   -0.007276    -6.413            1   765.021
  64      0.631242   -0.005301    -6.177     0.999999   753.007
  65      0.623044   -0.008198    -6.150     0.999999   741.687
  66      0.615647   -0.007397    -6.061     0.999998   729.619
  67      0.610844   -0.004803    -5.762     0.999991   717.210
  68      0.605792   -0.005052    -5.455      0.99996   706.016
  69      0.593173   -0.012619    -5.713     0.999988   696.205
  70      0.586117   -0.007055    -5.566     0.999976   683.179
  71      0.573489   -0.012628    -5.841     0.999994   670.175
  72      0.563308   -0.010181    -5.955     0.999997   653.590
  73      0.555232   -0.008076    -5.917     0.999996   634.707
  74      0.549805   -0.005428    -5.674     0.999986   614.726
  75      0.543977   -0.005827    -5.438     0.999956   595.364
  76      0.525218   -0.018759    -6.139     0.999999   576.590
  77      0.520407   -0.004811    -5.877     0.999995   550.000
  78      0.512023   -0.008384    -5.845     0.999994   524.070
  79      0.508523   -0.003500    -5.464     0.999961   496.780
  80      0.500484   -0.008039    -5.355     0.999937   471.208
  81      0.491057   -0.009427    -5.323     0.999927   444.826
  82      0.485774   -0.005283    -5.011     0.999734   416.879
  83      0.478363   -0.007411    -4.796     0.999398   390.022
  84      0.475838   -0.002525    -4.253     0.996328   363.262
  85      0.469881   -0.005957    -3.839     0.988434   340.224
  86      0.465760   -0.004121    -3.247     0.956083   319.731
  87      0.451491   -0.014269    -3.113      0.94326   304.955
  88      0.438886   -0.012604    -2.853     0.910654   289.057
  89      0.421897   -0.016989        NA           NA        NA
  90      0.407837   -0.014060        NA           NA        NA
  91      0.394127   -0.013710        NA           NA        NA
  92      0.381065   -0.013062        NA           NA        NA
  93      0.372238   -0.008827        NA           NA        NA
  94      0.303110   -0.069128        NA           NA        NA
  95      0.283606   -0.019504        NA           NA        NA
  96      0.255889   -0.027717        NA           NA        NA
  97      0.226835   -0.029053        NA           NA        NA
    kurtosis           snps    indivs
 eigenvector    1     4.052     1.343
 eigenvector    2     3.500     4.188
 eigenvector    3     3.585     2.207
 eigenvector    4     3.331     3.225
 eigenvector    5     3.512     5.399
 eigenvector    6     3.144     2.756
 eigenvector    7     3.183     3.701
 eigenvector    8     3.568     4.573
 eigenvector    9     3.340     3.481
 eigenvector   10     3.111     5.659
lsqproj called!
population:   0                  ???   98
number of blocks for block jackknife: 64
## end of Fst statistics between populations

fst *1000:
          ? 
   ?      0

std. err.  * 1000000:
          ? 
   ?      0

eigenvector 1:means
                 ???     -0.000
eigenvector 2:means
                 ???      0.000
eigenvector 3:means
                 ???      0.000
eigenvector 4:means
                 ???      0.000
eigenvector 5:means
                 ???     -0.000
eigenvector 6:means
                 ???     -0.000
eigenvector 7:means
                 ???      0.000
eigenvector 8:means
                 ???      0.000
eigenvector 9:means
                 ???     -0.000
eigenvector 10:means
                 ???     -0.000

## Statistical significance of differences beween populations:
                                pop1                  pop2      chisq          p-value   |pop1|   |pop2|

eigbestsnp    1            9:6879987  9      6879987     4.390
eigbestsnp    1            9:6778813  9      6778813     4.319
eigbestsnp    1           14:6250100 14      6250100     4.298
eigbestsnp    1           14:6340447 14      6340447     4.270
eigbestsnp    1           14:6250115 14      6250115     4.267
eigbestsnp    1            9:6801786  9      6801786     4.261
eigbestsnp    1            9:6802249  9      6802249     4.251
eigbestsnp    1           5:12803934  5     12803934     4.226
eigbestsnp    1           14:6350341 14      6350341     4.219
eigbestsnp    1           14:6340448 14      6340448     4.217
eigbestsnp    2           11:6282504 11      6282504     4.611
eigbestsnp    2           10:9770023 10      9770023     4.570
eigbestsnp    2           10:9781478 10      9781478     4.570
eigbestsnp    2           10:9794118 10      9794118     4.570
eigbestsnp    2           10:9794209 10      9794209     4.570
eigbestsnp    2           10:9794210 10      9794210     4.570
eigbestsnp    2           10:9794220 10      9794220     4.570
eigbestsnp    2           10:9794221 10      9794221     4.570
eigbestsnp    2           10:9772473 10      9772473     4.527
eigbestsnp    2           10:9776825 10      9776825     4.527
eigbestsnp    3           4:13602835  4     13602835     4.502
eigbestsnp    3           15:2402775 15      2402775     4.460
eigbestsnp    3           15:2402797 15      2402797     4.432
eigbestsnp    3           4:13602834  4     13602834     4.405
eigbestsnp    3           1:15626421  1     15626421     4.117
eigbestsnp    3             2:843181  2       843181     4.080
eigbestsnp    3           15:3113206 15      3113206     4.071
eigbestsnp    3           15:2337341 15      2337341     4.068
eigbestsnp    3           15:2337395 15      2337395     4.068
eigbestsnp    3           15:6144118 15      6144118     4.025
eigbestsnp    4           14:9096665 14      9096665     4.493
eigbestsnp    4            3:2302498  3      2302498     4.288
eigbestsnp    4            3:4239785  3      4239785     4.264
eigbestsnp    4           14:8565744 14      8565744     4.242
eigbestsnp    4            3:5336720  3      5336720     4.200
eigbestsnp    4           17:6219839 17      6219839     4.198
eigbestsnp    4           14:9135675 14      9135675     4.179
eigbestsnp    4           14:9135718 14      9135718     4.179
eigbestsnp    4           14:8565723 14      8565723     4.141
eigbestsnp    4            3:4239761  3      4239761     4.096
eigbestsnp    5           1:19170754  1     19170754     4.461
eigbestsnp    5           1:19170876  1     19170876     4.461
eigbestsnp    5           1:19170950  1     19170950     4.461
eigbestsnp    5           1:19171123  1     19171123     4.461
eigbestsnp    5           1:19171257  1     19171257     4.461
eigbestsnp    5           1:19171276  1     19171276     4.461
eigbestsnp    5           1:19171290  1     19171290     4.461
eigbestsnp    5            14:759967 14       759967     4.433
eigbestsnp    5            14:765461 14       765461     4.432
eigbestsnp    5            14:753223 14       753223     4.374
eigbestsnp    6           19:4183746 19      4183746     4.336
eigbestsnp    6           1:18247034  1     18247034     4.079
eigbestsnp    6           1:18247125  1     18247125     4.068
eigbestsnp    6           1:18314105  1     18314105     4.068
eigbestsnp    6           1:18260464  1     18260464     3.966
eigbestsnp    6           1:18193554  1     18193554     3.880
eigbestsnp    6           1:18193560  1     18193560     3.880
eigbestsnp    6           1:18193624  1     18193624     3.880
eigbestsnp    6           1:18199171  1     18199171     3.880
eigbestsnp    6           1:18199225  1     18199225     3.880
eigbestsnp    7            6:1326825  6      1326825     4.930
eigbestsnp    7            6:1480876  6      1480876     4.927
eigbestsnp    7            6:1388620  6      1388620     4.900
eigbestsnp    7            6:1441120  6      1441120     4.860
eigbestsnp    7            6:1403425  6      1403425     4.855
eigbestsnp    7            6:1407414  6      1407414     4.855
eigbestsnp    7            6:1407421  6      1407421     4.855
eigbestsnp    7            6:1480866  6      1480866     4.838
eigbestsnp    7            6:1448814  6      1448814     4.831
eigbestsnp    7            6:1399902  6      1399902     4.828
eigbestsnp    8           2:14656610  2     14656610     4.303
eigbestsnp    8           20:3494268 20      3494268     4.295
eigbestsnp    8           20:3494443 20      3494443     4.295
eigbestsnp    8           20:3501939 20      3501939     4.295
eigbestsnp    8           20:3486866 20      3486866     4.286
eigbestsnp    8           20:3713864 20      3713864     4.267
eigbestsnp    8           20:3493805 20      3493805     4.256
eigbestsnp    8           20:3758672 20      3758672     4.253
eigbestsnp    8           20:3456157 20      3456157     4.234
eigbestsnp    8           20:3471612 20      3471612     4.234
eigbestsnp    9            1:7076886  1      7076886     4.379
eigbestsnp    9            1:7079176  1      7079176     4.133
eigbestsnp    9            1:7096218  1      7096218     4.106
eigbestsnp    9            1:7089654  1      7089654     4.078
eigbestsnp    9            1:7178258  1      7178258     4.077
eigbestsnp    9            1:7069246  1      7069246     4.073
eigbestsnp    9            1:7069881  1      7069881     4.045
eigbestsnp    9            1:7073968  1      7073968     4.045
eigbestsnp    9            1:7074335  1      7074335     4.045
eigbestsnp    9            1:7078309  1      7078309     4.045
eigbestsnp   10            2:1775183  2      1775183     4.469
eigbestsnp   10            2:1713787  2      1713787     4.381
eigbestsnp   10            2:1733142  2      1733142     4.353
eigbestsnp   10            1:4631486  1      4631486     4.312
eigbestsnp   10           5:13824890  5     13824890     4.298
eigbestsnp   10            2:1709968  2      1709968     4.279
eigbestsnp   10           2:14899971  2     14899971     4.255
eigbestsnp   10            7:6697648  7      6697648     4.255
eigbestsnp   10          19:10019990 19     10019990     4.255
eigbestsnp   10            2:1503486  2      1503486     4.205
##end of smartpca:       79.100 seconds cpu      505.471 Mbytes in use
